<?xml version="1.0" encoding="UTF-8"?>
<testsuites name="SuiteCucumber" time="18.021" tests="1" failures="0" errors="0">
   <testsuite name="SuiteCucumber" tests="1" failures="0" errors="0" time="18.021" skipped="0" timestamp="28-05-2024T21:52:14" hostname="richard - localhost" id="Test Suites/SuiteCucumber">
      <properties>
         <property name="deviceName" value=""/>
         <property name="devicePlatform" value=""/>
         <property name="logFolder" value="/Users/richard/Katalon Studio/BDD Example/Reports/20240528_215210/SuiteCucumber/20240528_215210"/>
         <property name="logFiles" value="/Users/richard/Katalon Studio/BDD Example/Reports/20240528_215210/SuiteCucumber/20240528_215210/execution0.log"/>
         <property name="attachments" value=""/>
         <property name="hostName" value="richard - localhost"/>
         <property name="os" value="Mac OS X 64bit"/>
         <property name="katalonVersion" value="9.4.0.212"/>
         <property name="browser" value="Chrome 125.0.0.0"/>
         <property name="hostAddress" value="127.0.0.1"/>
         <property name="sessionId" value="8d5578db16b526c3ebbdfb4c0480f381"/>
         <property name="seleniumVersion" value="3.141.59"/>
         <property name="proxyInformation" value="ProxyInformation { proxyOption=NO_PROXY, proxyServerType=HTTP, username=, password=********, proxyServerAddress=, proxyServerPort=0, executionList=&quot;&quot;, isApplyToDesiredCapabilities=true }"/>
         <property name="platform" value="Mac OS X"/>
      </properties>
      <testcase name="Test Cases/CucumberTest" time="17.966" classname="Test Cases/CucumberTest" status="PASSED">
         <system-out><![CDATA[28-05-2024T21:52:14 - [TEST_CASE][PASSED] - Test Cases/CucumberTest: Test Cases/CucumberTest

28-05-2024T21:52:14 - [TEST_STEP][PASSED] - Start listener action : setup: null

28-05-2024T21:52:14 - [TEST_STEP][PASSED] - addDefaultPackages(): null

28-05-2024T21:52:14 - [TEST_STEP][PASSED] - runFeatureFolderWithTags("Include/features/LoginFeatures", "@ID_01"): All feature files in 'Include/features/LoginFeatures' were passed

28-05-2024T21:52:14 - [MESSAGE][INFO] - Starting run keyword runFeatureFolder: 'Include/features/LoginFeatures' and extract report to folder: '/Users/richard/Katalon Studio/BDD Example/Reports/20240528_215210/SuiteCucumber/20240528_215210/cucumber_report/1716947534176'...

28-05-2024T21:52:14 - [TEST_CASE][PASSED] - Start Test Case : SCENARIO Ingreso sastifactorio con credenciales validas: SCENARIO Ingreso sastifactorio con credenciales validas

28-05-2024T21:52:14 - [TEST_STEP][PASSED] - el usuario navega en la pagina de Login: el usuario navega en la pagina de Login

28-05-2024T21:52:14 - [MESSAGE][INFO] - Starting 'Chrome' driver

28-05-2024T21:52:14 - [MESSAGE][INFO] - Action delay is set to 0 milliseconds

28-05-2024T21:52:26 - [MESSAGE][PASSED] - Browser is opened with url: 'https://opensource-demo.orangehrmlive.com/web/index.php/auth/login'

28-05-2024T21:52:26 - [MESSAGE][PASSED] - el usuario navega en la pagina de Login

28-05-2024T21:52:26 - [TEST_STEP][PASSED] - el usuario introduce sus credenciales validas 'Admin' 'admin123': el usuario introduce sus credenciales validas 'Admin' 'admin123'

28-05-2024T21:52:27 - [MESSAGE][PASSED] - Text 'Admin' is set on object 'Object Repository/user'

28-05-2024T21:52:28 - [MESSAGE][PASSED] - Text 'admin123' is set on object 'Object Repository/password'

28-05-2024T21:52:29 - [MESSAGE][PASSED] - Object: 'Object Repository/buttonLogin' is clicked on

28-05-2024T21:52:29 - [MESSAGE][PASSED] - el usuario introduce sus credenciales validas 'Admin' 'admin123'

28-05-2024T21:52:29 - [TEST_STEP][PASSED] - se puede visualizar el dashboard: se puede visualizar el dashboard

28-05-2024T21:52:31 - [MESSAGE][PASSED] - Object 'Object Repository/titleDashboard' is visible

28-05-2024T21:52:31 - [MESSAGE][PASSED] - se puede visualizar el dashboard

28-05-2024T21:52:31 - [MESSAGE][PASSED] - All feature files in 'Include/features/LoginFeatures' were passed

28-05-2024T21:52:31 - [TEST_STEP][PASSED] - Start listener action : after: Browser is closed

28-05-2024T21:52:31 - [TEST_STEP][PASSED] - closeBrowser(): Browser is closed

28-05-2024T21:52:32 - [MESSAGE][PASSED] - Browser is closed]]></system-out>
         <system-err><![CDATA[]]></system-err>
      </testcase>
      <system-out><![CDATA[28-05-2024T21:52:14 - [TEST_SUITE][PASSED] - SuiteCucumber: Test Cases/CucumberTest]]></system-out>
      <system-err><![CDATA[]]></system-err>
   </testsuite>
</testsuites>
