<?xml version="1.0" encoding="UTF-8"?>
<testsuites name="Cucumber Test-Suite" time="4.526" tests="1" failures="0" errors="0">
   <testsuite name="Cucumber Test-Suite" tests="1" failures="0" errors="0" time="4.526" skipped="0" timestamp="30-07-2024T12:25:00" hostname="richard - localhost" id="Test Suites/Cucumber Test-Suite">
      <properties>
         <property name="deviceName" value=""/>
         <property name="devicePlatform"/>
         <property name="logFolder" value="/Users/richard/Example-BDD-with-Katalon-Studio/Reports/20240730_122455/Cucumber Test-Suite/20240730_122456"/>
         <property name="logFiles" value="/Users/richard/Example-BDD-with-Katalon-Studio/Reports/20240730_122455/Cucumber Test-Suite/20240730_122456/execution0.log"/>
         <property name="attachments" value=""/>
         <property name="hostName" value="richard - localhost"/>
         <property name="os" value="Mac OS X 64bit"/>
         <property name="katalonVersion" value="9.6.0.217"/>
         <property name="browser" value="Chrome 127.0.0.0"/>
         <property name="hostAddress" value="127.0.0.1"/>
         <property name="sessionId" value="d8ce907622873f648300e0db0fed7edd"/>
         <property name="seleniumVersion" value="3.141.59"/>
         <property name="proxyInformation" value="ProxyInformation { proxyOption=NO_PROXY, proxyServerType=HTTP, username=, password=********, proxyServerAddress=, proxyServerPort=0, executionList=&quot;&quot;, isApplyToDesiredCapabilities=true }"/>
         <property name="platform" value="Mac OS X"/>
      </properties>
      <testcase name="Test Cases/CucumberTest" time="4.478" classname="Test Cases/CucumberTest" status="PASSED">
         <system-out><![CDATA[30-07-2024T12:25:00 - [TEST_CASE][PASSED] - Test Cases/CucumberTest: Browser is closed

30-07-2024T12:25:00 - [TEST_STEP][PASSED] - Start listener action : setup: Browser is opened with url: 'https://katalon-demo-cura.herokuapp.com/'

30-07-2024T12:25:00 - [TEST_STEP][PASSED] - addDefaultPackages(): null

30-07-2024T12:25:00 - [TEST_STEP][PASSED] - openBrowser("https://katalon-demo-cura.herokuapp.com/"): Browser is opened with url: 'https://katalon-demo-cura.herokuapp.com/'

30-07-2024T12:25:00 - [MESSAGE][INFO] - Starting 'Chrome' driver

30-07-2024T12:25:00 - [MESSAGE][INFO] - Action delay is set to 0 milliseconds

30-07-2024T12:25:04 - [MESSAGE][PASSED] - Browser is opened with url: 'https://katalon-demo-cura.herokuapp.com/'

30-07-2024T12:25:04 - [TEST_STEP][PASSED] - Start listener action : after: Browser is closed

30-07-2024T12:25:04 - [TEST_STEP][PASSED] - closeBrowser(): Browser is closed

30-07-2024T12:25:04 - [MESSAGE][PASSED] - Browser is closed]]></system-out>
         <system-err><![CDATA[]]></system-err>
      </testcase>
      <system-out><![CDATA[30-07-2024T12:25:00 - [TEST_SUITE][INCOMPLETE] - Cucumber Test-Suite: null]]></system-out>
      <system-err><![CDATA[30-07-2024T12:25:00 - [TEST_SUITE][INCOMPLETE] - Cucumber Test-Suite: null]]></system-err>
   </testsuite>
</testsuites>
