<?xml version="1.0" encoding="UTF-8"?>
<testsuites name="SuiteCucumber" time="6.081" tests="1" failures="0" errors="0">
   <testsuite name="SuiteCucumber" tests="1" failures="0" errors="0" time="6.081" skipped="0" timestamp="17-07-2024T17:34:27" hostname="richard - localhost" id="Test Suites/SuiteCucumber">
      <properties>
         <property name="deviceName" value=""/>
         <property name="devicePlatform"/>
         <property name="logFolder" value="/Users/richard/Katalon Studio/BDD Example/Reports/20240717_173418/SuiteCucumber/20240717_173418"/>
         <property name="logFiles" value="/Users/richard/Katalon Studio/BDD Example/Reports/20240717_173418/SuiteCucumber/20240717_173418/execution0.log"/>
         <property name="attachments" value=""/>
         <property name="hostName" value="richard - localhost"/>
         <property name="os" value="Mac OS X 64bit"/>
         <property name="katalonVersion" value="9.6.0.217"/>
         <property name="browser" value="Chrome 126.0.0.0"/>
         <property name="hostAddress" value="127.0.0.1"/>
         <property name="sessionId" value="a90b22c5750c1f7f785bf7798035e20d"/>
         <property name="seleniumVersion" value="3.141.59"/>
         <property name="proxyInformation" value="ProxyInformation { proxyOption=NO_PROXY, proxyServerType=HTTP, username=, password=********, proxyServerAddress=, proxyServerPort=0, executionList=&quot;&quot;, isApplyToDesiredCapabilities=true }"/>
         <property name="platform" value="Mac OS X"/>
      </properties>
      <testcase name="Test Cases/CucumberTest" time="5.812" classname="Test Cases/CucumberTest" status="PASSED">
         <system-out><![CDATA[17-07-2024T17:34:27 - [TEST_CASE][PASSED] - Test Cases/CucumberTest: Browser is closed

17-07-2024T17:34:27 - [TEST_STEP][PASSED] - Start listener action : setup: Browser is opened with url: 'https://katalon-demo-cura.herokuapp.com/'

17-07-2024T17:34:27 - [TEST_STEP][PASSED] - addDefaultPackages(): null

17-07-2024T17:34:27 - [TEST_STEP][PASSED] - openBrowser("https://katalon-demo-cura.herokuapp.com/"): Browser is opened with url: 'https://katalon-demo-cura.herokuapp.com/'

17-07-2024T17:34:27 - [MESSAGE][INFO] - Starting 'Chrome' driver

17-07-2024T17:34:27 - [MESSAGE][INFO] - Action delay is set to 0 milliseconds

17-07-2024T17:34:32 - [MESSAGE][PASSED] - Browser is opened with url: 'https://katalon-demo-cura.herokuapp.com/'

17-07-2024T17:34:33 - [TEST_STEP][PASSED] - Start listener action : after: Browser is closed

17-07-2024T17:34:33 - [TEST_STEP][PASSED] - closeBrowser(): Browser is closed

17-07-2024T17:34:33 - [MESSAGE][PASSED] - Browser is closed]]></system-out>
         <system-err><![CDATA[]]></system-err>
      </testcase>
      <system-out><![CDATA[17-07-2024T17:34:27 - [TEST_SUITE][INCOMPLETE] - SuiteCucumber: null]]></system-out>
      <system-err><![CDATA[17-07-2024T17:34:27 - [TEST_SUITE][INCOMPLETE] - SuiteCucumber: null]]></system-err>
   </testsuite>
</testsuites>
