<?xml version="1.0" encoding="UTF-8"?>
<testsuites name="Test Suite" time="11.217" tests="1" failures="0" errors="0">
   <testsuite name="Test Suite" tests="1" failures="0" errors="0" time="11.217" skipped="0" timestamp="18-07-2024T17:19:20" hostname="richard - localhost" id="Test Suites/Test Suite">
      <properties>
         <property name="deviceName" value=""/>
         <property name="devicePlatform"/>
         <property name="logFolder" value="/Users/richard/Example-BDD-with-Katalon-Studio/Reports/20240718_171914/Test Suite/20240718_171915"/>
         <property name="logFiles" value="/Users/richard/Example-BDD-with-Katalon-Studio/Reports/20240718_171914/Test Suite/20240718_171915/execution0.log"/>
         <property name="attachments" value="keyes/keyes-full_view-2.png, keyes/keyes-current_viewport-2.png"/>
         <property name="hostName" value="richard - localhost"/>
         <property name="os" value="Mac OS X 64bit"/>
         <property name="katalonVersion" value="9.6.0.217"/>
         <property name="browser" value="Chrome 126.0.0.0"/>
         <property name="hostAddress" value="127.0.0.1"/>
         <property name="sessionId" value="549e4fd7c12f61f6bb717bcb11fcdd84"/>
         <property name="seleniumVersion" value="3.141.59"/>
         <property name="proxyInformation" value="ProxyInformation { proxyOption=NO_PROXY, proxyServerType=HTTP, username=, password=********, proxyServerAddress=, proxyServerPort=0, executionList=&quot;&quot;, isApplyToDesiredCapabilities=true }"/>
         <property name="platform" value="Mac OS X"/>
      </properties>
      <testcase name="Test Cases/Test" time="11.168" classname="Test Cases/Test" status="PASSED">
         <system-out><![CDATA[18-07-2024T17:19:20 - [TEST_CASE][PASSED] - Test Cases/Test: Test Cases/Test

18-07-2024T17:19:20 - [TEST_STEP][PASSED] - openBrowser("https://katalon-demo-cura.herokuapp.com/"): Browser is opened with url: 'https://katalon-demo-cura.herokuapp.com/'

18-07-2024T17:19:20 - [MESSAGE][INFO] - Starting 'Chrome' driver

18-07-2024T17:19:20 - [MESSAGE][INFO] - Action delay is set to 0 milliseconds

18-07-2024T17:19:24 - [MESSAGE][PASSED] - Browser is opened with url: 'https://katalon-demo-cura.herokuapp.com/'

18-07-2024T17:19:24 - [TEST_STEP][PASSED] - click(findTestObject("Appointment/Make Appointment Button")): Object: 'Object Repository/Appointment/Make Appointment Button' is clicked on

18-07-2024T17:19:24 - [MESSAGE][PASSED] - Object: 'Object Repository/Appointment/Make Appointment Button' is clicked on

18-07-2024T17:19:24 - [TEST_STEP][PASSED] - setText(findTestObject("Object Repository/Appointment/User Input"), "John Doe"): Text 'John Doe' is set on object 'Object Repository/Appointment/User Input'

18-07-2024T17:19:25 - [MESSAGE][PASSED] - Text 'John Doe' is set on object 'Object Repository/Appointment/User Input'

18-07-2024T17:19:25 - [TEST_STEP][PASSED] - setText(findTestObject("Object Repository/Appointment/Password Input"), "ThisIsNotAPassword"): Text 'ThisIsNotAPassword' is set on object 'Object Repository/Appointment/Password Input'

18-07-2024T17:19:26 - [MESSAGE][PASSED] - Text 'ThisIsNotAPassword' is set on object 'Object Repository/Appointment/Password Input'

18-07-2024T17:19:26 - [TEST_STEP][PASSED] - takeScreenshotAsCheckpoint("full_view-2", CONTINUE_ON_FAILURE): Taking screenshot successfully

18-07-2024T17:19:26 - [MESSAGE][INFO] - 0 hidden object(s)

18-07-2024T17:19:26 - [MESSAGE][PASSED] - Taking screenshot successfully
[[ATTACHMENT|keyes/keyes-full_view-2.png]]

18-07-2024T17:19:26 - [TEST_STEP][PASSED] - click(findTestObject("Object Repository/Appointment/Login button")): Object: 'Object Repository/Appointment/Login button' is clicked on

18-07-2024T17:19:27 - [MESSAGE][PASSED] - Object: 'Object Repository/Appointment/Login button' is clicked on

18-07-2024T17:19:27 - [TEST_STEP][PASSED] - takeFullPageScreenshotAsCheckpoint("current_viewport-2"): Taking screenshot successfully

18-07-2024T17:19:28 - [MESSAGE][INFO] - 0 hidden object(s)

18-07-2024T17:19:28 - [MESSAGE][PASSED] - Taking screenshot successfully
[[ATTACHMENT|keyes/keyes-current_viewport-2.png]]

18-07-2024T17:19:28 - [TEST_STEP][PASSED] - click(findTestObject("Object Repository/Appointment/Calendar Button")): Object: 'Object Repository/Appointment/Calendar Button' is clicked on

18-07-2024T17:19:29 - [MESSAGE][PASSED] - Object: 'Object Repository/Appointment/Calendar Button' is clicked on

18-07-2024T17:19:29 - [TEST_STEP][PASSED] - click(findTestObject("Object Repository/Appointment/Select Day")): Object: 'Object Repository/Appointment/Select Day' is clicked on

18-07-2024T17:19:29 - [MESSAGE][PASSED] - Object: 'Object Repository/Appointment/Select Day' is clicked on

18-07-2024T17:19:29 - [TEST_STEP][PASSED] - setText(findTestObject("Object Repository/Appointment/Comment Input"), "Test Comentario"): Text 'Test Comentario' is set on object 'Object Repository/Appointment/Comment Input'

18-07-2024T17:19:30 - [MESSAGE][PASSED] - Text 'Test Comentario' is set on object 'Object Repository/Appointment/Comment Input'

18-07-2024T17:19:30 - [TEST_STEP][PASSED] - click(findTestObject("Object Repository/Appointment/Book Appointment Button")): Object: 'Object Repository/Appointment/Book Appointment Button' is clicked on

18-07-2024T17:19:30 - [MESSAGE][PASSED] - Object: 'Object Repository/Appointment/Book Appointment Button' is clicked on

18-07-2024T17:19:30 - [TEST_STEP][PASSED] - verifyElementPresent(findTestObject("Object Repository/Appointment/Appointment Confirmation"), 20): Object 'Object Repository/Appointment/Appointment Confirmation' is present

18-07-2024T17:19:31 - [MESSAGE][PASSED] - Object 'Object Repository/Appointment/Appointment Confirmation' is present]]></system-out>
         <system-err><![CDATA[]]></system-err>
      </testcase>
      <system-out><![CDATA[18-07-2024T17:19:20 - [TEST_SUITE][PASSED] - Test Suite: Test Cases/Test]]></system-out>
      <system-err><![CDATA[]]></system-err>
   </testsuite>
</testsuites>
