<?xml version="1.0" encoding="UTF-8"?>
<testsuites name="Self-Healing" time="37.726" tests="1" failures="0" errors="0">
   <testsuite name="Self-Healing" tests="1" failures="0" errors="0" time="37.726" skipped="0" timestamp="07-08-2024T18:43:26" hostname="richard - localhost" id="Test Suites/Self-Healing">
      <properties>
         <property name="deviceName" value=""/>
         <property name="devicePlatform"/>
         <property name="logFolder" value="/Users/richard/Example-BDD-with-Katalon-Studio/Reports/20240807_184321/Self-Healing/20240807_184322"/>
         <property name="logFiles" value="/Users/richard/Example-BDD-with-Katalon-Studio/Reports/20240807_184321/Self-Healing/20240807_184322/execution0.log"/>
         <property name="attachments" value=""/>
         <property name="hostName" value="richard - localhost"/>
         <property name="os" value="Mac OS X 64bit"/>
         <property name="katalonVersion" value="9.6.0.217"/>
         <property name="browser" value="Chrome 127.0.0.0"/>
         <property name="hostAddress" value="127.0.0.1"/>
         <property name="sessionId" value="5ce70f44199e862b89310d4fb884acfd"/>
         <property name="seleniumVersion" value="3.141.59"/>
         <property name="proxyInformation" value="ProxyInformation { proxyOption=NO_PROXY, proxyServerType=HTTP, username=, password=********, proxyServerAddress=, proxyServerPort=0, executionList=&quot;&quot;, isApplyToDesiredCapabilities=true }"/>
         <property name="platform" value="Mac OS X"/>
      </properties>
      <testcase name="Test Cases/Selft-Healing" time="37.672" classname="Test Cases/Selft-Healing" status="PASSED">
         <system-out><![CDATA[07-08-2024T18:43:26 - [TEST_CASE][PASSED] - Test Cases/Selft-Healing: Test Cases/Selft-Healing

07-08-2024T18:43:26 - [TEST_STEP][PASSED] - Start listener action : setup: null

07-08-2024T18:43:26 - [TEST_STEP][PASSED] - addDefaultPackages(): null

07-08-2024T18:43:26 - [TEST_STEP][PASSED] - openBrowser(""): Browser is opened with url: ''

07-08-2024T18:43:27 - [MESSAGE][INFO] - Starting 'Chrome' driver

07-08-2024T18:43:27 - [MESSAGE][INFO] - Action delay is set to 0 milliseconds

07-08-2024T18:43:28 - [MESSAGE][PASSED] - Browser is opened with url: ''

07-08-2024T18:43:28 - [TEST_STEP][PASSED] - navigateToUrl("https://katalon-demo-cura.herokuapp.com/"): Navigate to 'https://katalon-demo-cura.herokuapp.com/' successfully

07-08-2024T18:43:30 - [MESSAGE][PASSED] - Navigate to 'https://katalon-demo-cura.herokuapp.com/' successfully

07-08-2024T18:43:30 - [TEST_STEP][PASSED] - click(findTestObject("Object Repository/Self-Healing/Page_CURA Healthcare Service/a_Make Appointment")): Object: 'Object Repository/Self-Healing/Page_CURA Healthcare Service/a_Make Appointment' is clicked on

07-08-2024T18:43:31 - [MESSAGE][PASSED] - Object: 'Object Repository/Self-Healing/Page_CURA Healthcare Service/a_Make Appointment' is clicked on

07-08-2024T18:43:31 - [TEST_STEP][PASSED] - setText(findTestObject("Object Repository/Self-Healing/Page_CURA Healthcare Service/input_Username_username"), "John Doe"): Text 'John Doe' is set on object 'Object Repository/Self-Healing/Page_CURA Healthcare Service/input_Username_username'

07-08-2024T18:43:32 - [MESSAGE][PASSED] - Text 'John Doe' is set on object 'Object Repository/Self-Healing/Page_CURA Healthcare Service/input_Username_username'

07-08-2024T18:43:32 - [TEST_STEP][PASSED] - setEncryptedText(findTestObject("Object Repository/Self-Healing/Page_CURA Healthcare Service/input_Password_password"), "g3/DOGG74jC3Flrr3yH+3D/yKbOqqUNM"): Text ****** has been set on object 'Object Repository/Self-Healing/Page_CURA Healthcare Service/input_Password_password'

07-08-2024T18:44:03 - [MESSAGE][INFO] - Unable to find the element located by 'By.xpath: //input[@id='txt-passworddd']'. Please recheck the objects properties to make sure the desired element is located. 

07-08-2024T18:44:03 - [MESSAGE][WARNING] - [SELF-HEALING] Failed to find element with id 'Object Repository/Self-Healing/Page_CURA Healthcare Service/input_Password_password'. Try using Self-healing.

07-08-2024T18:44:03 - [MESSAGE][WARNING] - [SELF-HEALING] The current locator of test object 'Object Repository/Self-Healing/Page_CURA Healthcare Service/input_Password_password' was broken. Propose an alternative one: '//input[@id='txt-password']'.

07-08-2024T18:44:03 - [MESSAGE][PASSED] - Text ****** has been set on object 'Object Repository/Self-Healing/Page_CURA Healthcare Service/input_Password_password'

07-08-2024T18:44:03 - [TEST_STEP][PASSED] - click(findTestObject("Object Repository/Self-Healing/Page_CURA Healthcare Service/button_Login")): Object: 'Object Repository/Self-Healing/Page_CURA Healthcare Service/button_Login' is clicked on

07-08-2024T18:44:04 - [MESSAGE][PASSED] - Object: 'Object Repository/Self-Healing/Page_CURA Healthcare Service/button_Login' is clicked on

07-08-2024T18:44:04 - [TEST_STEP][PASSED] - closeBrowser(): Browser is closed

07-08-2024T18:44:04 - [MESSAGE][PASSED] - Browser is closed

07-08-2024T18:44:04 - [TEST_STEP][PASSED] - Start listener action : after: Browser is closed

07-08-2024T18:44:04 - [TEST_STEP][PASSED] - closeBrowser(): Browser is closed

07-08-2024T18:44:04 - [MESSAGE][PASSED] - Browser is closed]]></system-out>
         <system-err><![CDATA[]]></system-err>
      </testcase>
      <system-out><![CDATA[07-08-2024T18:43:26 - [TEST_SUITE][PASSED] - Self-Healing: Test Cases/Selft-Healing]]></system-out>
      <system-err><![CDATA[]]></system-err>
   </testsuite>
</testsuites>
