<?xml version="1.0" encoding="UTF-8"?>
<testsuites name="Test Suite" time="9.94" tests="1" failures="0" errors="0">
   <testsuite name="Test Suite" tests="1" failures="0" errors="0" time="9.94" skipped="0" timestamp="18-07-2024T16:37:37" hostname="richard - localhost" id="Test Suites/Test Suite">
      <properties>
         <property name="deviceName" value=""/>
         <property name="devicePlatform"/>
         <property name="logFolder" value="/Users/richard/Example-BDD-with-Katalon-Studio/Reports/20240718_163727/Test Suite/20240718_163728"/>
         <property name="logFiles" value="/Users/richard/Example-BDD-with-Katalon-Studio/Reports/20240718_163727/Test Suite/20240718_163728/execution0.log"/>
         <property name="attachments" value="keyes/keyes-current_viewportt.png, keyes/keyes-current_viewport.png"/>
         <property name="hostName" value="richard - localhost"/>
         <property name="os" value="Mac OS X 64bit"/>
         <property name="katalonVersion" value="9.6.0.217"/>
         <property name="browser" value="Chrome 126.0.0.0"/>
         <property name="hostAddress" value="127.0.0.1"/>
         <property name="sessionId" value="f0477c0821f263dc48e9e32b085b0831"/>
         <property name="seleniumVersion" value="3.141.59"/>
         <property name="proxyInformation" value="ProxyInformation { proxyOption=NO_PROXY, proxyServerType=HTTP, username=, password=********, proxyServerAddress=, proxyServerPort=0, executionList=&quot;&quot;, isApplyToDesiredCapabilities=true }"/>
         <property name="platform" value="Mac OS X"/>
      </properties>
      <testcase name="Test Cases/Test" time="9.895" classname="Test Cases/Test" status="PASSED">
         <system-out><![CDATA[18-07-2024T16:37:37 - [TEST_CASE][PASSED] - Test Cases/Test: Test Cases/Test

18-07-2024T16:37:37 - [TEST_STEP][PASSED] - openBrowser("https://katalon-demo-cura.herokuapp.com/"): Browser is opened with url: 'https://katalon-demo-cura.herokuapp.com/'

18-07-2024T16:37:37 - [MESSAGE][INFO] - Starting 'Chrome' driver

18-07-2024T16:37:37 - [MESSAGE][INFO] - Action delay is set to 0 milliseconds

18-07-2024T16:37:41 - [MESSAGE][PASSED] - Browser is opened with url: 'https://katalon-demo-cura.herokuapp.com/'

18-07-2024T16:37:41 - [TEST_STEP][PASSED] - click(findTestObject("Appointment/Make Appointment Button")): Object: 'Object Repository/Appointment/Make Appointment Button' is clicked on

18-07-2024T16:37:41 - [MESSAGE][PASSED] - Object: 'Object Repository/Appointment/Make Appointment Button' is clicked on

18-07-2024T16:37:41 - [TEST_STEP][PASSED] - setText(findTestObject("Object Repository/Appointment/User Input"), "John Doe"): Text 'John Doe' is set on object 'Object Repository/Appointment/User Input'

18-07-2024T16:37:42 - [MESSAGE][PASSED] - Text 'John Doe' is set on object 'Object Repository/Appointment/User Input'

18-07-2024T16:37:42 - [TEST_STEP][PASSED] - setText(findTestObject("Object Repository/Appointment/Password Input"), "ThisIsNotAPassword"): Text 'ThisIsNotAPassword' is set on object 'Object Repository/Appointment/Password Input'

18-07-2024T16:37:43 - [MESSAGE][PASSED] - Text 'ThisIsNotAPassword' is set on object 'Object Repository/Appointment/Password Input'

18-07-2024T16:37:43 - [TEST_STEP][PASSED] - takeScreenshotAsCheckpoint("current_viewportt"): Taking screenshot successfully

18-07-2024T16:37:43 - [MESSAGE][INFO] - 0 hidden object(s)

18-07-2024T16:37:43 - [MESSAGE][PASSED] - Taking screenshot successfully
[[ATTACHMENT|keyes/keyes-current_viewportt.png]]

18-07-2024T16:37:43 - [TEST_STEP][PASSED] - click(findTestObject("Object Repository/Appointment/Login button")): Object: 'Object Repository/Appointment/Login button' is clicked on

18-07-2024T16:37:44 - [MESSAGE][PASSED] - Object: 'Object Repository/Appointment/Login button' is clicked on

18-07-2024T16:37:44 - [TEST_STEP][PASSED] - takeFullPageScreenshotAsCheckpoint("current_viewport"): Taking screenshot successfully

18-07-2024T16:37:44 - [MESSAGE][INFO] - 0 hidden object(s)

18-07-2024T16:37:44 - [MESSAGE][PASSED] - Taking screenshot successfully
[[ATTACHMENT|keyes/keyes-current_viewport.png]]

18-07-2024T16:37:44 - [TEST_STEP][PASSED] - click(findTestObject("Object Repository/Appointment/Calendar Button")): Object: 'Object Repository/Appointment/Calendar Button' is clicked on

18-07-2024T16:37:45 - [MESSAGE][PASSED] - Object: 'Object Repository/Appointment/Calendar Button' is clicked on

18-07-2024T16:37:45 - [TEST_STEP][PASSED] - click(findTestObject("Object Repository/Appointment/Select Day")): Object: 'Object Repository/Appointment/Select Day' is clicked on

18-07-2024T16:37:45 - [MESSAGE][PASSED] - Object: 'Object Repository/Appointment/Select Day' is clicked on

18-07-2024T16:37:45 - [TEST_STEP][PASSED] - setText(findTestObject("Object Repository/Appointment/Comment Input"), "Test Comentario"): Text 'Test Comentario' is set on object 'Object Repository/Appointment/Comment Input'

18-07-2024T16:37:46 - [MESSAGE][PASSED] - Text 'Test Comentario' is set on object 'Object Repository/Appointment/Comment Input'

18-07-2024T16:37:46 - [TEST_STEP][PASSED] - click(findTestObject("Object Repository/Appointment/Book Appointment Button")): Object: 'Object Repository/Appointment/Book Appointment Button' is clicked on

18-07-2024T16:37:46 - [MESSAGE][PASSED] - Object: 'Object Repository/Appointment/Book Appointment Button' is clicked on

18-07-2024T16:37:46 - [TEST_STEP][PASSED] - verifyElementPresent(findTestObject("Object Repository/Appointment/Appointment Confirmation"), 20): Object 'Object Repository/Appointment/Appointment Confirmation' is present

18-07-2024T16:37:47 - [MESSAGE][PASSED] - Object 'Object Repository/Appointment/Appointment Confirmation' is present]]></system-out>
         <system-err><![CDATA[]]></system-err>
      </testcase>
      <system-out><![CDATA[18-07-2024T16:37:37 - [TEST_SUITE][PASSED] - Test Suite: Test Cases/Test]]></system-out>
      <system-err><![CDATA[]]></system-err>
   </testsuite>
</testsuites>
