<?xml version="1.0" encoding="UTF-8"?>
<testsuites name="2 StudioAssist Suite" time="9.506" tests="1" failures="0" errors="0">
   <testsuite name="2 StudioAssist Suite" tests="1" failures="0" errors="0" time="9.506" skipped="0" timestamp="07-08-2024T19:00:48" hostname="richard - localhost" id="Test Suites/2 StudioAssist Suite">
      <properties>
         <property name="deviceName" value=""/>
         <property name="devicePlatform"/>
         <property name="logFolder" value="/Users/richard/Example-BDD-with-Katalon-Studio/Reports/20240807_190043/2 StudioAssist Suite/20240807_190044"/>
         <property name="logFiles" value="/Users/richard/Example-BDD-with-Katalon-Studio/Reports/20240807_190043/2 StudioAssist Suite/20240807_190044/execution0.log"/>
         <property name="attachments" value=""/>
         <property name="hostName" value="richard - localhost"/>
         <property name="os" value="Mac OS X 64bit"/>
         <property name="katalonVersion" value="9.6.0.217"/>
         <property name="browser" value="Chrome 127.0.0.0"/>
         <property name="hostAddress" value="127.0.0.1"/>
         <property name="sessionId" value="7dfa360b3a5546edd79878807292e27b"/>
         <property name="seleniumVersion" value="3.141.59"/>
         <property name="proxyInformation" value="ProxyInformation { proxyOption=NO_PROXY, proxyServerType=HTTP, username=, password=********, proxyServerAddress=, proxyServerPort=0, executionList=&quot;&quot;, isApplyToDesiredCapabilities=true }"/>
         <property name="platform" value="Mac OS X"/>
      </properties>
      <testcase name="Test Cases/2 StudioAssist" time="9.436" classname="Test Cases/2 StudioAssist" status="PASSED">
         <system-out><![CDATA[07-08-2024T19:00:49 - [TEST_CASE][PASSED] - Test Cases/2 StudioAssist: Test Cases/2 StudioAssist

07-08-2024T19:00:49 - [TEST_STEP][PASSED] - Start listener action : setup: null

07-08-2024T19:00:49 - [TEST_STEP][PASSED] - addDefaultPackages(): null

07-08-2024T19:00:49 - [TEST_STEP][PASSED] - openBrowser(""): Browser is opened with url: ''

07-08-2024T19:00:49 - [MESSAGE][INFO] - Starting 'Chrome' driver

07-08-2024T19:00:49 - [MESSAGE][INFO] - Action delay is set to 0 milliseconds

07-08-2024T19:00:51 - [MESSAGE][PASSED] - Browser is opened with url: ''

07-08-2024T19:00:51 - [TEST_STEP][PASSED] - navigateToUrl("https://katalon-demo-cura.herokuapp.com/"): Navigate to 'https://katalon-demo-cura.herokuapp.com/' successfully

07-08-2024T19:00:53 - [MESSAGE][PASSED] - Navigate to 'https://katalon-demo-cura.herokuapp.com/' successfully

07-08-2024T19:00:53 - [TEST_STEP][PASSED] - click(findTestObject("Appointment/Make Appointment Button")): Object: 'Object Repository/Appointment/Make Appointment Button' is clicked on

07-08-2024T19:00:54 - [MESSAGE][PASSED] - Object: 'Object Repository/Appointment/Make Appointment Button' is clicked on

07-08-2024T19:00:54 - [TEST_STEP][PASSED] - setText(findTestObject("Appointment/User Input"), "John Doe"): Text 'John Doe' is set on object 'Object Repository/Appointment/User Input'

07-08-2024T19:00:54 - [MESSAGE][PASSED] - Text 'John Doe' is set on object 'Object Repository/Appointment/User Input'

07-08-2024T19:00:54 - [TEST_STEP][PASSED] - setText(findTestObject("Appointment/Password Input"), "ThisIsNotAPassword"): Text 'ThisIsNotAPassword' is set on object 'Object Repository/Appointment/Password Input'

07-08-2024T19:00:55 - [MESSAGE][PASSED] - Text 'ThisIsNotAPassword' is set on object 'Object Repository/Appointment/Password Input'

07-08-2024T19:00:55 - [TEST_STEP][PASSED] - click(findTestObject("Appointment/Login Button")): Object: 'Object Repository/Appointment/Login Button' is clicked on

07-08-2024T19:00:55 - [MESSAGE][PASSED] - Object: 'Object Repository/Appointment/Login Button' is clicked on

07-08-2024T19:00:55 - [TEST_STEP][PASSED] - click(findTestObject("Appointment/Calendar Button")): Object: 'Object Repository/Appointment/Calendar Button' is clicked on

07-08-2024T19:00:56 - [MESSAGE][PASSED] - Object: 'Object Repository/Appointment/Calendar Button' is clicked on

07-08-2024T19:00:56 - [TEST_STEP][PASSED] - click(findTestObject("Appointment/Select Day")): Object: 'Object Repository/Appointment/Select Day' is clicked on

07-08-2024T19:00:56 - [MESSAGE][PASSED] - Object: 'Object Repository/Appointment/Select Day' is clicked on

07-08-2024T19:00:56 - [TEST_STEP][PASSED] - setText(findTestObject("Appointment/Comment Input"), "Test Comentario"): Text 'Test Comentario' is set on object 'Object Repository/Appointment/Comment Input'

07-08-2024T19:00:57 - [MESSAGE][PASSED] - Text 'Test Comentario' is set on object 'Object Repository/Appointment/Comment Input'

07-08-2024T19:00:57 - [TEST_STEP][PASSED] - click(findTestObject("Appointment/Book Appointment Button")): Object: 'Object Repository/Appointment/Book Appointment Button' is clicked on

07-08-2024T19:00:57 - [MESSAGE][PASSED] - Object: 'Object Repository/Appointment/Book Appointment Button' is clicked on

07-08-2024T19:00:57 - [TEST_STEP][PASSED] - waitForElementPresent(findTestObject("Appointment/Appointment Confirmation"), 10): Object 'Object Repository/Appointment/Appointment Confirmation' is present

07-08-2024T19:00:58 - [MESSAGE][PASSED] - Object 'Object Repository/Appointment/Appointment Confirmation' is present

07-08-2024T19:00:58 - [TEST_STEP][PASSED] - Start listener action : after: Browser is closed

07-08-2024T19:00:58 - [TEST_STEP][PASSED] - closeBrowser(): Browser is closed

07-08-2024T19:00:58 - [MESSAGE][PASSED] - Browser is closed]]></system-out>
         <system-err><![CDATA[]]></system-err>
      </testcase>
      <system-out><![CDATA[07-08-2024T19:00:48 - [TEST_SUITE][PASSED] - 2 StudioAssist Suite: Test Cases/2 StudioAssist]]></system-out>
      <system-err><![CDATA[]]></system-err>
   </testsuite>
</testsuites>
