<?xml version="1.0" encoding="UTF-8"?>
<testsuites name="Cucumber Test-Suite" time="10.384" tests="1" failures="0" errors="0">
   <testsuite name="Cucumber Test-Suite" tests="1" failures="0" errors="0" time="10.384" skipped="0" timestamp="30-07-2024T12:27:51" hostname="richard - localhost" id="Test Suites/Cucumber Test-Suite">
      <properties>
         <property name="deviceName" value=""/>
         <property name="devicePlatform"/>
         <property name="logFolder" value="/Users/richard/Example-BDD-with-Katalon-Studio/Reports/20240730_122748/Cucumber Test-Suite/20240730_122748"/>
         <property name="logFiles" value="/Users/richard/Example-BDD-with-Katalon-Studio/Reports/20240730_122748/Cucumber Test-Suite/20240730_122748/execution0.log"/>
         <property name="attachments" value="keyes/keyes-current_viewport.png"/>
         <property name="hostName" value="richard - localhost"/>
         <property name="os" value="Mac OS X 64bit"/>
         <property name="katalonVersion" value="9.6.0.217"/>
         <property name="browser" value="Chrome 127.0.0.0"/>
         <property name="hostAddress" value="127.0.0.1"/>
         <property name="sessionId" value="0140e44891bc64ff8ee8f0449b1a8a44"/>
         <property name="seleniumVersion" value="3.141.59"/>
         <property name="proxyInformation" value="ProxyInformation { proxyOption=NO_PROXY, proxyServerType=HTTP, username=, password=********, proxyServerAddress=, proxyServerPort=0, executionList=&quot;&quot;, isApplyToDesiredCapabilities=true }"/>
         <property name="platform" value="Mac OS X"/>
      </properties>
      <testcase name="Test Cases/CucumberTest" time="10.333" classname="Test Cases/CucumberTest" status="PASSED">
         <system-out><![CDATA[30-07-2024T12:27:51 - [TEST_CASE][PASSED] - Test Cases/CucumberTest: Test Cases/CucumberTest

30-07-2024T12:27:51 - [TEST_STEP][PASSED] - Start listener action : setup: null

30-07-2024T12:27:51 - [TEST_STEP][PASSED] - addDefaultPackages(): null

30-07-2024T12:27:51 - [TEST_STEP][PASSED] - runFeatureFile("Include/features/Appointment/Appointment.feature"): Feature file: 'Include/features/Appointment/Appointment.feature' was passed

30-07-2024T12:27:51 - [MESSAGE][INFO] - Starting run keyword runFeatureFile: 'Include/features/Appointment/Appointment.feature' and extract report to folder: '/Users/richard/Example-BDD-with-Katalon-Studio/Reports/20240730_122748/Cucumber Test-Suite/20240730_122748/cucumber_report/1722356871648'...

30-07-2024T12:27:51 - [TEST_CASE][PASSED] - Start Test Case : SCENARIO Realizar una cita medica de un cliente: SCENARIO Realizar una cita medica de un cliente

30-07-2024T12:27:51 - [TEST_STEP][PASSED] - que nuesto cliente ingresa correctamente a nuestra plataforma John Doe ThisIsNotAPassword: que nuesto cliente ingresa correctamente a nuestra plataforma John Doe ThisIsNotAPassword

30-07-2024T12:27:51 - [MESSAGE][INFO] - Starting 'Chrome' driver

30-07-2024T12:27:51 - [MESSAGE][INFO] - Action delay is set to 0 milliseconds

30-07-2024T12:27:55 - [MESSAGE][PASSED] - Browser is opened with url: 'https://katalon-demo-cura.herokuapp.com/'

30-07-2024T12:27:56 - [MESSAGE][PASSED] - Object: 'Object Repository/Appointment/Make Appointment Button' is clicked on

30-07-2024T12:27:56 - [MESSAGE][PASSED] - Text 'John Doe' is set on object 'Object Repository/Appointment/User Input'

30-07-2024T12:27:57 - [MESSAGE][PASSED] - Text 'ThisIsNotAPassword' is set on object 'Object Repository/Appointment/Password Input'

30-07-2024T12:27:58 - [MESSAGE][INFO] - 0 hidden object(s)

30-07-2024T12:27:58 - [MESSAGE][PASSED] - Taking screenshot successfully
[[ATTACHMENT|keyes/keyes-current_viewport.png]]

30-07-2024T12:27:59 - [MESSAGE][PASSED] - Object: 'Object Repository/Appointment/Login button' is clicked on

30-07-2024T12:27:59 - [MESSAGE][PASSED] - que nuesto cliente ingresa correctamente a nuestra plataforma John Doe ThisIsNotAPassword

30-07-2024T12:27:59 - [TEST_STEP][PASSED] - el asegurado completa los datos para realizar una reserva Quiero realizar un cita medica: el asegurado completa los datos para realizar una reserva Quiero realizar un cita medica

30-07-2024T12:27:59 - [MESSAGE][PASSED] - Object: 'Object Repository/Appointment/Calendar Button' is clicked on

30-07-2024T12:28:00 - [MESSAGE][PASSED] - Object: 'Object Repository/Appointment/Select Day' is clicked on

30-07-2024T12:28:00 - [MESSAGE][PASSED] - Text 'Quiero realizar un cita medica' is set on object 'Object Repository/Appointment/Comment Input'

30-07-2024T12:28:01 - [MESSAGE][PASSED] - Object: 'Object Repository/Appointment/Book Appointment Button' is clicked on

30-07-2024T12:28:01 - [MESSAGE][PASSED] - el asegurado completa los datos para realizar una reserva Quiero realizar un cita medica

30-07-2024T12:28:01 - [TEST_STEP][PASSED] - se visualiza un mensaje de confirmacion 'Appointment Confirmation': se visualiza un mensaje de confirmacion 'Appointment Confirmation'

30-07-2024T12:28:01 - [MESSAGE][PASSED] - Object 'Object Repository/Appointment/Appointment Confirmation' is present

30-07-2024T12:28:01 - [MESSAGE][PASSED] - se visualiza un mensaje de confirmacion 'Appointment Confirmation'

30-07-2024T12:28:01 - [MESSAGE][PASSED] - Feature file: 'Include/features/Appointment/Appointment.feature' was passed

30-07-2024T12:28:01 - [TEST_STEP][PASSED] - Start listener action : after: Browser is closed

30-07-2024T12:28:01 - [TEST_STEP][PASSED] - closeBrowser(): Browser is closed

30-07-2024T12:28:01 - [MESSAGE][PASSED] - Browser is closed]]></system-out>
         <system-err><![CDATA[]]></system-err>
      </testcase>
      <system-out><![CDATA[30-07-2024T12:27:51 - [TEST_SUITE][PASSED] - Cucumber Test-Suite: Test Cases/CucumberTest]]></system-out>
      <system-err><![CDATA[]]></system-err>
   </testsuite>
</testsuites>
