<?xml version="1.0" encoding="UTF-8"?>
<testsuites name="Test Suite" time="33.46" tests="1" failures="0" errors="0">
   <testsuite name="Test Suite" tests="1" failures="0" errors="0" time="33.46" skipped="0" timestamp="2024-07-31 17:58:19" hostname="richard - localhost" id="Test Suites/Test Suite">
      <properties>
         <property name="deviceName" value=""/>
         <property name="devicePlatform" value=""/>
         <property name="logFolder" value="/Users/richard/Example-BDD-with-Katalon-Studio/Reports/20240731_175804/Test Suite/20240731_175813"/>
         <property name="logFiles" value="/Users/richard/Example-BDD-with-Katalon-Studio/Reports/20240731_175804/Test Suite/20240731_175813/execution0.log"/>
         <property name="attachments" value="keyes/keyes-full_view-2.png, keyes/keyes-current_viewport-2.png"/>
         <property name="hostName" value="richard - localhost"/>
         <property name="os" value="Mac OS X 64bit"/>
         <property name="katalonVersion" value="8.6.8.208"/>
         <property name="browser" value="Chrome 127.0.0.0"/>
         <property name="hostAddress" value="127.0.0.1"/>
         <property name="sessionId" value="95e4390dec866aebb1c3c7cfb3774602"/>
         <property name="seleniumVersion" value="3.141.59"/>
         <property name="proxyInformation" value="ProxyInformation { proxyOption=NO_PROXY, proxyServerType=HTTP, username=, password=********, proxyServerAddress=, proxyServerPort=0, executionList=&quot;&quot;, isApplyToDesiredCapabilities=true }"/>
         <property name="platform" value="Mac OS X"/>
      </properties>
      <testcase name="Test Cases/Test" time="33.153" classname="Test Cases/Test" status="PASSED">
         <system-out><![CDATA[2024-07-31 17:58:20 - [TEST_CASE][PASSED] - Test Cases/Test: Test Cases/Test

2024-07-31 17:58:20 - [TEST_STEP][PASSED] - openBrowser("https://katalon-demo-cura.herokuapp.com/"): Browser is opened with url: 'https://katalon-demo-cura.herokuapp.com/'

2024-07-31 17:58:20 - [MESSAGE][INFO] - Starting 'Chrome' driver

2024-07-31 17:58:20 - [MESSAGE][INFO] - Action delay is set to 0 milliseconds

2024-07-31 17:58:39 - [MESSAGE][PASSED] - Browser is opened with url: 'https://katalon-demo-cura.herokuapp.com/'

2024-07-31 17:58:39 - [TEST_STEP][PASSED] - click(findTestObject("Appointment/Make Appointment Button")): Object: 'Object Repository/Appointment/Make Appointment Button' is clicked on

2024-07-31 17:58:40 - [MESSAGE][PASSED] - Object: 'Object Repository/Appointment/Make Appointment Button' is clicked on

2024-07-31 17:58:40 - [TEST_STEP][PASSED] - setText(findTestObject("Object Repository/Appointment/User Input"), "John Doe"): Text 'John Doe' is set on object 'Object Repository/Appointment/User Input'

2024-07-31 17:58:41 - [MESSAGE][PASSED] - Text 'John Doe' is set on object 'Object Repository/Appointment/User Input'

2024-07-31 17:58:41 - [TEST_STEP][PASSED] - setText(findTestObject("Object Repository/Appointment/Password Input"), "ThisIsNotAPassword"): Text 'ThisIsNotAPassword' is set on object 'Object Repository/Appointment/Password Input'

2024-07-31 17:58:42 - [MESSAGE][PASSED] - Text 'ThisIsNotAPassword' is set on object 'Object Repository/Appointment/Password Input'

2024-07-31 17:58:42 - [TEST_STEP][PASSED] - takeScreenshotAsCheckpoint("full_view-2", CONTINUE_ON_FAILURE): Taking screenshot successfully

2024-07-31 17:58:46 - [MESSAGE][INFO] - 0 hidden object(s)

2024-07-31 17:58:46 - [MESSAGE][PASSED] - Taking screenshot successfully
[[ATTACHMENT|keyes/keyes-full_view-2.png]]

2024-07-31 17:58:46 - [TEST_STEP][PASSED] - click(findTestObject("Object Repository/Appointment/Login button")): Object: 'Object Repository/Appointment/Login button' is clicked on

2024-07-31 17:58:47 - [MESSAGE][PASSED] - Object: 'Object Repository/Appointment/Login button' is clicked on

2024-07-31 17:58:47 - [TEST_STEP][PASSED] - takeFullPageScreenshotAsCheckpoint("current_viewport-2", CONTINUE_ON_FAILURE): Taking screenshot successfully

2024-07-31 17:58:49 - [MESSAGE][INFO] - 0 hidden object(s)

2024-07-31 17:58:49 - [MESSAGE][PASSED] - Taking screenshot successfully
[[ATTACHMENT|keyes/keyes-current_viewport-2.png]]

2024-07-31 17:58:49 - [TEST_STEP][PASSED] - click(findTestObject("Object Repository/Appointment/Calendar Button")): Object: 'Object Repository/Appointment/Calendar Button' is clicked on

2024-07-31 17:58:50 - [MESSAGE][PASSED] - Object: 'Object Repository/Appointment/Calendar Button' is clicked on

2024-07-31 17:58:50 - [TEST_STEP][PASSED] - click(findTestObject("Object Repository/Appointment/Select Day")): Object: 'Object Repository/Appointment/Select Day' is clicked on

2024-07-31 17:58:51 - [MESSAGE][PASSED] - Object: 'Object Repository/Appointment/Select Day' is clicked on

2024-07-31 17:58:51 - [TEST_STEP][PASSED] - setText(findTestObject("Object Repository/Appointment/Comment Input"), "Test Comentario"): Text 'Test Comentario' is set on object 'Object Repository/Appointment/Comment Input'

2024-07-31 17:58:52 - [MESSAGE][PASSED] - Text 'Test Comentario' is set on object 'Object Repository/Appointment/Comment Input'

2024-07-31 17:58:52 - [TEST_STEP][PASSED] - click(findTestObject("Object Repository/Appointment/Book Appointment Button")): Object: 'Object Repository/Appointment/Book Appointment Button' is clicked on

2024-07-31 17:58:52 - [MESSAGE][PASSED] - Object: 'Object Repository/Appointment/Book Appointment Button' is clicked on

2024-07-31 17:58:52 - [TEST_STEP][PASSED] - verifyElementPresent(findTestObject("Object Repository/Appointment/Appointment Confirmation"), 20): Object 'Object Repository/Appointment/Appointment Confirmation' is present

2024-07-31 17:58:53 - [MESSAGE][PASSED] - Object 'Object Repository/Appointment/Appointment Confirmation' is present]]></system-out>
         <system-err><![CDATA[]]></system-err>
      </testcase>
      <system-out><![CDATA[2024-07-31 17:58:19 - [TEST_SUITE][PASSED] - Test Suite: Test Cases/Test]]></system-out>
      <system-err><![CDATA[]]></system-err>
   </testsuite>
</testsuites>
